<?xml version="1.0" encoding="UTF-8"?>
<!-- Generated by org.testng.reporters.JUnitReportReporter -->
<testsuite hostname="DESKTOP-PGQDMSG" failures="0" tests="1" name="TestFramework.tests.ErrorValidations" time="12.235" errors="0" timestamp="2024-06-11T14:42:19 IST" skipped="0">
  <testcase classname="TestFramework.tests.ErrorValidations" name="submitOrder" time="12.235"/>
</testsuite> <!-- TestFramework.tests.ErrorValidations -->
