<?xml version="1.0" encoding="UTF-8"?>
<!-- Generated by org.testng.reporters.JUnitReportReporter -->
<testsuite hostname="DESKTOP-PGQDMSG" failures="0" tests="2" name="TestFramework.tests.ErrorValidationsTest" time="24.882" errors="0" timestamp="2024-06-14T11:32:40 IST" skipped="0">
  <testcase classname="TestFramework.tests.ErrorValidationsTest" name="productErrValidations" time="16.034"/>
  <testcase classname="TestFramework.tests.ErrorValidationsTest" name="logInErrValidation" time="8.848"/>
</testsuite> <!-- TestFramework.tests.ErrorValidationsTest -->
