<?xml version="1.0" encoding="UTF-8"?>
<!-- Generated by org.testng.reporters.JUnitReportReporter -->
<testsuite hostname="DESKTOP-PGQDMSG" failures="0" tests="2" name="TestFramework.tests.SubmitOrderTest" time="40.239" errors="0" timestamp="2024-06-17T23:35:07 IST" skipped="0">
  <testcase classname="TestFramework.tests.SubmitOrderTest" name="submitOrder" time="15.740"/>
  <testcase classname="TestFramework.tests.SubmitOrderTest" name="submitOrder" time="24.499"/>
</testsuite> <!-- TestFramework.tests.SubmitOrderTest -->
