<?xml version="1.0" encoding="UTF-8"?>
<!-- Generated by org.testng.reporters.JUnitReportReporter -->
<testsuite hostname="DESKTOP-PGQDMSG" failures="0" tests="1" name="TestFramework.tests.ErrorValidationsTest" time="15.895" errors="0" timestamp="2024-06-13T16:09:42 IST" skipped="0">
  <testcase classname="TestFramework.tests.ErrorValidationsTest" name="logInErrValidation" time="15.895"/>
</testsuite> <!-- TestFramework.tests.ErrorValidationsTest -->
